<?xml version="1.0" encoding="UTF-8"?>
<!-- Generated by org.testng.reporters.JUnitReportReporter -->
<testsuite hostname="GOPAL" failures="0" tests="13" name="com.testing.HomePage_Contents_Verifications" time="0.746" errors="0" timestamp="2025-01-24T15:54:10 IST" skipped="0">
  <testcase classname="com.testing.HomePage_Contents_Verifications" name="HomePage_Title_Verification" time="0.238"/>
  <testcase classname="com.testing.HomePage_Contents_Verifications" name="HomePage_Url_Verification" time="0.018"/>
  <testcase classname="com.testing.HomePage_Contents_Verifications" name="HomePage_Website_Logo_Verification" time="0.069"/>
  <testcase classname="com.testing.HomePage_Contents_Verifications" name="HomePage_Searchbox_Verification" time="0.050"/>
  <testcase classname="com.testing.HomePage_Contents_Verifications" name="HomePage_Sections_Verification" time="0.046"/>
  <testcase classname="com.testing.HomePage_Contents_Verifications" name="HomePage_slide_image_section_Verification" time="0.045"/>
  <testcase classname="com.testing.HomePage_Contents_Verifications" name="HomePage_icons_section_Verification" time="0.043"/>
  <testcase classname="com.testing.HomePage_Contents_Verifications" name="HomePage_about_company_section_Verification" time="0.041"/>
  <testcase classname="com.testing.HomePage_Contents_Verifications" name="HomePage_info_section_Verification" time="0.040"/>
  <testcase classname="com.testing.HomePage_Contents_Verifications" name="HomePage_keypartner_section_Verification" time="0.035"/>
  <testcase classname="com.testing.HomePage_Contents_Verifications" name="HomePage_contact_section_Verification" time="0.040"/>
  <testcase classname="com.testing.HomePage_Contents_Verifications" name="HomePage_footer_section_Verification" time="0.040"/>
  <testcase classname="com.testing.HomePage_Contents_Verifications" name="HomePage_cookie_section_Verification" time="0.041"/>
</testsuite> <!-- com.testing.HomePage_Contents_Verifications -->
