<?xml version="1.0" encoding="UTF-8"?>
<!-- Generated by org.testng.reporters.JUnitReportReporter -->
<testsuite hostname="GOPAL" failures="0" tests="3" name="com.testing.Searchbox_Interactions_Verifications" time="2.130" errors="0" timestamp="2025-01-24T15:54:10 IST" skipped="0">
  <testcase classname="com.testing.Searchbox_Interactions_Verifications" name="Searchbox_Displayed" time="0.092"/>
  <testcase classname="com.testing.Searchbox_Interactions_Verifications" name="Searchbox_input_text_Verification" time="0.292"/>
  <testcase classname="com.testing.Searchbox_Interactions_Verifications" name="Searchbox_button_Verification" time="1.746"/>
</testsuite> <!-- com.testing.Searchbox_Interactions_Verifications -->
