<?xml version="1.0" encoding="UTF-8"?>
<!-- Generated by org.testng.reporters.JUnitReportReporter -->
<testsuite hostname="GOPAL" failures="0" tests="1" name="com.testing.Contact_Us_Page_Verifications" time="6.372" errors="0" timestamp="2025-01-24T15:54:10 IST" skipped="0">
  <testcase classname="com.testing.Contact_Us_Page_Verifications" name="Contact_Us_Page" time="6.372"/>
</testsuite> <!-- com.testing.Contact_Us_Page_Verifications -->
