<?xml version="1.0" encoding="UTF-8"?>
<!-- Generated by org.testng.reporters.JUnitReportReporter -->
<testsuite hostname="GOPAL" failures="0" tests="13" name="com.testing.HomePageTest" time="0.847" errors="0" timestamp="2025-01-21T17:11:35 IST" skipped="0">
  <testcase classname="com.testing.HomePageTest" name="HomePage_Title_Verification" time="0.182"/>
  <testcase classname="com.testing.HomePageTest" name="HomePage_Url_Verification" time="0.019"/>
  <testcase classname="com.testing.HomePageTest" name="HomePage_Website_Logo_Verification" time="0.117"/>
  <testcase classname="com.testing.HomePageTest" name="HomePage_Searchbox_Verification" time="0.061"/>
  <testcase classname="com.testing.HomePageTest" name="HomePage_Sections_Verification" time="0.047"/>
  <testcase classname="com.testing.HomePageTest" name="HomePage_slide_image_section_Verification" time="0.057"/>
  <testcase classname="com.testing.HomePageTest" name="HomePage_icons_section_Verification" time="0.063"/>
  <testcase classname="com.testing.HomePageTest" name="HomePage_about_company_section_Verification" time="0.049"/>
  <testcase classname="com.testing.HomePageTest" name="HomePage_info_section_Verification" time="0.050"/>
  <testcase classname="com.testing.HomePageTest" name="HomePage_keypartner_section_Verification" time="0.055"/>
  <testcase classname="com.testing.HomePageTest" name="HomePage_contact_section_Verification" time="0.049"/>
  <testcase classname="com.testing.HomePageTest" name="HomePage_footer_section_Verification" time="0.046"/>
  <testcase classname="com.testing.HomePageTest" name="HomePage_cookie_section_Verification" time="0.052"/>
</testsuite> <!-- com.testing.HomePageTest -->
