<?xml version="1.0" encoding="UTF-8"?>
<!-- Generated by org.testng.reporters.JUnitReportReporter -->
<testsuite hostname="GOPAL" failures="0" tests="3" name="com.testing.Searchbox_Interactions_Verifications" time="3.485" errors="0" timestamp="2025-01-26T09:19:25 IST" skipped="0">
  <testcase classname="com.testing.Searchbox_Interactions_Verifications" name="Searchbox_Displayed" time="0.050"/>
  <system-out/>
  <testcase classname="com.testing.Searchbox_Interactions_Verifications" name="Searchbox_input_text_Verification" time="0.250"/>
  <system-out/>
  <testcase classname="com.testing.Searchbox_Interactions_Verifications" name="Searchbox_button_Verification" time="3.185"/>
  <system-out/>
</testsuite> <!-- com.testing.Searchbox_Interactions_Verifications -->
