<?xml version="1.0" encoding="UTF-8"?>
<!-- Generated by org.testng.reporters.JUnitReportReporter -->
<testsuite hostname="GOPAL" failures="0" tests="3" name="com.testing.searchbox_interations_verifications" time="3.574" errors="0" timestamp="2025-01-21T17:45:28 IST" skipped="0">
  <testcase classname="com.testing.searchbox_interations_verifications" name="Searchbox_Displayed" time="0.127"/>
  <system-out/>
  <testcase classname="com.testing.searchbox_interations_verifications" name="Searchbox_input_text_Verification" time="0.305"/>
  <system-out/>
  <testcase classname="com.testing.searchbox_interations_verifications" name="Searchbox_button_Verification" time="3.142"/>
  <system-out/>
</testsuite> <!-- com.testing.searchbox_interations_verifications -->
