<?xml version="1.0" encoding="UTF-8"?>
<!-- Generated by org.testng.reporters.JUnitReportReporter -->
<testsuite hostname="GOPAL" failures="0" tests="13" name="com.testing.HomePage_Contents_Verifications" time="0.605" errors="0" timestamp="2025-01-26T09:19:25 IST" skipped="0">
  <testcase classname="com.testing.HomePage_Contents_Verifications" name="HomePage_Title_Verification" time="0.061"/>
  <system-out/>
  <testcase classname="com.testing.HomePage_Contents_Verifications" name="HomePage_Url_Verification" time="0.016"/>
  <system-out/>
  <testcase classname="com.testing.HomePage_Contents_Verifications" name="HomePage_Website_Logo_Verification" time="0.069"/>
  <system-out/>
  <testcase classname="com.testing.HomePage_Contents_Verifications" name="HomePage_Searchbox_Verification" time="0.055"/>
  <system-out/>
  <testcase classname="com.testing.HomePage_Contents_Verifications" name="HomePage_Sections_Verification" time="0.045"/>
  <system-out/>
  <testcase classname="com.testing.HomePage_Contents_Verifications" name="HomePage_slide_image_section_Verification" time="0.049"/>
  <system-out/>
  <testcase classname="com.testing.HomePage_Contents_Verifications" name="HomePage_icons_section_Verification" time="0.041"/>
  <system-out/>
  <testcase classname="com.testing.HomePage_Contents_Verifications" name="HomePage_about_company_section_Verification" time="0.037"/>
  <system-out/>
  <testcase classname="com.testing.HomePage_Contents_Verifications" name="HomePage_info_section_Verification" time="0.036"/>
  <system-out/>
  <testcase classname="com.testing.HomePage_Contents_Verifications" name="HomePage_keypartner_section_Verification" time="0.050"/>
  <system-out/>
  <testcase classname="com.testing.HomePage_Contents_Verifications" name="HomePage_contact_section_Verification" time="0.068"/>
  <system-out/>
  <testcase classname="com.testing.HomePage_Contents_Verifications" name="HomePage_footer_section_Verification" time="0.042"/>
  <system-out/>
  <testcase classname="com.testing.HomePage_Contents_Verifications" name="HomePage_cookie_section_Verification" time="0.036"/>
  <system-out/>
</testsuite> <!-- com.testing.HomePage_Contents_Verifications -->
