<?xml version="1.0" encoding="UTF-8"?>
<!-- Generated by org.testng.reporters.JUnitReportReporter -->
<testsuite hostname="GOPAL" failures="0" tests="13" name="com.testing.HomePage_Verifications" time="1.007" errors="0" timestamp="2025-01-21T17:55:49 IST" skipped="0">
  <testcase classname="com.testing.HomePage_Verifications" name="HomePage_Title_Verification" time="0.052"/>
  <system-out/>
  <testcase classname="com.testing.HomePage_Verifications" name="HomePage_Url_Verification" time="0.143"/>
  <system-out/>
  <testcase classname="com.testing.HomePage_Verifications" name="HomePage_Website_Logo_Verification" time="0.081"/>
  <system-out/>
  <testcase classname="com.testing.HomePage_Verifications" name="HomePage_Searchbox_Verification" time="0.095"/>
  <system-out/>
  <testcase classname="com.testing.HomePage_Verifications" name="HomePage_Sections_Verification" time="0.132"/>
  <system-out/>
  <testcase classname="com.testing.HomePage_Verifications" name="HomePage_slide_image_section_Verification" time="0.052"/>
  <system-out/>
  <testcase classname="com.testing.HomePage_Verifications" name="HomePage_icons_section_Verification" time="0.054"/>
  <system-out/>
  <testcase classname="com.testing.HomePage_Verifications" name="HomePage_about_company_section_Verification" time="0.050"/>
  <system-out/>
  <testcase classname="com.testing.HomePage_Verifications" name="HomePage_info_section_Verification" time="0.061"/>
  <system-out/>
  <testcase classname="com.testing.HomePage_Verifications" name="HomePage_keypartner_section_Verification" time="0.093"/>
  <system-out/>
  <testcase classname="com.testing.HomePage_Verifications" name="HomePage_contact_section_Verification" time="0.057"/>
  <system-out/>
  <testcase classname="com.testing.HomePage_Verifications" name="HomePage_footer_section_Verification" time="0.072"/>
  <system-out/>
  <testcase classname="com.testing.HomePage_Verifications" name="HomePage_cookie_section_Verification" time="0.065"/>
  <system-out/>
</testsuite> <!-- com.testing.HomePage_Verifications -->
