<?xml version="1.0" encoding="UTF-8"?>
<!-- Generated by org.testng.reporters.JUnitReportReporter -->
<testsuite hostname="GOPAL" failures="0" tests="3" name="com.testing.Searchbox_Verifications" time="2.489" errors="0" timestamp="2025-01-21T17:55:49 IST" skipped="0">
  <testcase classname="com.testing.Searchbox_Verifications" name="Searchbox_Displayed" time="0.124"/>
  <system-out/>
  <testcase classname="com.testing.Searchbox_Verifications" name="Searchbox_input_text_Verification" time="0.268"/>
  <system-out/>
  <testcase classname="com.testing.Searchbox_Verifications" name="Searchbox_button_Verification" time="2.097"/>
  <system-out/>
</testsuite> <!-- com.testing.Searchbox_Verifications -->
