<?xml version="1.0" encoding="UTF-8"?>
<!-- Generated by org.testng.reporters.JUnitReportReporter -->
<testsuite hostname="GOPAL" failures="0" tests="13" name="com.testing.HomePageTest" time="0.917" errors="0" timestamp="2025-01-21T17:06:37 IST" skipped="0">
  <testcase classname="com.testing.HomePageTest" name="HomePage_Title_Verification" time="0.085"/>
  <system-out/>
  <testcase classname="com.testing.HomePageTest" name="HomePage_Url_Verification" time="0.037"/>
  <system-out/>
  <testcase classname="com.testing.HomePageTest" name="HomePage_Website_Logo_Verification" time="0.252"/>
  <system-out/>
  <testcase classname="com.testing.HomePageTest" name="HomePage_Searchbox_Verification" time="0.055"/>
  <system-out/>
  <testcase classname="com.testing.HomePageTest" name="HomePage_Sections_Verification" time="0.062"/>
  <system-out/>
  <testcase classname="com.testing.HomePageTest" name="HomePage_slide_image_section_Verification" time="0.064"/>
  <system-out/>
  <testcase classname="com.testing.HomePageTest" name="HomePage_icons_section_Verification" time="0.048"/>
  <system-out/>
  <testcase classname="com.testing.HomePageTest" name="HomePage_about_company_section_Verification" time="0.049"/>
  <system-out/>
  <testcase classname="com.testing.HomePageTest" name="HomePage_info_section_Verification" time="0.055"/>
  <system-out/>
  <testcase classname="com.testing.HomePageTest" name="HomePage_keypartner_section_Verification" time="0.051"/>
  <system-out/>
  <testcase classname="com.testing.HomePageTest" name="HomePage_contact_section_Verification" time="0.047"/>
  <system-out/>
  <testcase classname="com.testing.HomePageTest" name="HomePage_footer_section_Verification" time="0.054"/>
  <system-out/>
  <testcase classname="com.testing.HomePageTest" name="HomePage_cookie_section_Verification" time="0.058"/>
  <system-out/>
</testsuite> <!-- com.testing.HomePageTest -->
